<?xml version="1.0" encoding="UTF-8"?>
<!-- Generated by org.testng.reporters.JUnitXMLReporter -->
<testsuite ignored="4" hostname="DESKTOP-PM9V0CS" failures="1" tests="3" name="Test" time="182.466" errors="0" timestamp="02 Aug 2019 04:40:26 GMT">
  <testcase classname="com.vytrack.tests.components.activites.DateAndTimeTest" name="EndDateAutoAdjustTest" time="15.382">
    <failure type="java.lang.AssertionError" message="expected [Aug 1, 2018] but found [Aug 1, 2019]">
      <![CDATA[java.lang.AssertionError: expected [Aug 1, 2018] but found [Aug 1, 2019]
at com.vytrack.tests.components.activites.DateAndTimeTest.EndDateAutoAdjustTest(DateAndTimeTest.java:95)
... Removed 35 stack frames]]>
    </failure>
  </testcase> <!-- EndDateAutoAdjustTest -->
  <testcase classname="com.vytrack.tests.components.login_navigation.LoginTestPositive" name="LogInTest" time="73.82"/>
  <testcase classname="com.vytrack.tests.components.login_navigation.PageAccessTest" name="VehicleContractsStoreManager" time="63.672"/>
  <testcase classname="com.vytrack.utilities.TestBase" name="@BeforeTest setUpTest" time="0.0">
    <ignored/>
  </testcase> <!-- @BeforeTest setUpTest -->
  <testcase classname="com.vytrack.utilities.TestBase" name="@BeforeTest setUpTest" time="0.0">
    <ignored/>
  </testcase> <!-- @BeforeTest setUpTest -->
  <testcase classname="com.vytrack.utilities.TestBase" name="@AfterTest tearDownTest" time="0.0">
    <ignored/>
  </testcase> <!-- @AfterTest tearDownTest -->
  <testcase classname="com.vytrack.utilities.TestBase" name="@AfterTest tearDownTest" time="0.0">
    <ignored/>
  </testcase> <!-- @AfterTest tearDownTest -->
</testsuite> <!-- Test -->
