<?xml version="1.0" encoding="UTF-8"?>
<!-- Generated by org.testng.reporters.JUnitXMLReporter -->
<testsuite ignored="4" hostname="DESKTOP-PM9V0CS" failures="1" tests="5" name="Regression" time="122.523" errors="0" timestamp="24 Feb 2020 18:02:11 GMT">
  <testcase classname="com.vytrack.tests.components.login_navigation.LoginTestPositive" name="LogInStoreManagerTest" time="27.293"/>
  <testcase classname="com.vytrack.tests.components.login_navigation.LoginTestPositive" name="LogInSalesManagerTest" time="30.282"/>
  <testcase classname="com.vytrack.tests.components.login_navigation.LoginTestPositive" name="LogInDriverTest" time="22.228"/>
  <testcase classname="com.vytrack.tests.components.activites.DateAndTimeTest" name="EndDateAutoAdjustTest" time="12.369"/>
  <testcase classname="com.vytrack.tests.components.login_navigation.LoginTestNegative" name="LogInTestNegative" time="1.016">
    <failure type="java.lang.AssertionError" message="expected [true] but found [false]">
      <![CDATA[java.lang.AssertionError: expected [true] but found [false]
at com.vytrack.tests.components.login_navigation.LoginTestNegative.LogInTestNegative(LoginTestNegative.java:27)
... Removed 33 stack frames]]>
    </failure>
  </testcase> <!-- LogInTestNegative -->
  <testcase classname="com.vytrack.utilities.TestBase" name="@BeforeTest setUpTest" time="0.0">
    <ignored/>
  </testcase> <!-- @BeforeTest setUpTest -->
  <testcase classname="com.vytrack.utilities.TestBase" name="@BeforeTest setUpTest" time="0.0">
    <ignored/>
  </testcase> <!-- @BeforeTest setUpTest -->
  <testcase classname="com.vytrack.utilities.TestBase" name="@AfterTest tearDownTest" time="0.0">
    <ignored/>
  </testcase> <!-- @AfterTest tearDownTest -->
  <testcase classname="com.vytrack.utilities.TestBase" name="@AfterTest tearDownTest" time="0.0">
    <ignored/>
  </testcase> <!-- @AfterTest tearDownTest -->
</testsuite> <!-- Regression -->
